2026-05-18T17:15:45+05:30  plan-copied  C:\sme\08-Findings-Log\plans\2026-05-18_c-reasearch-xyz-enigmatrix-backend-stora-snappy-scott.md
2026-05-21T23:15:00+05:30  plan-created  C:\sme\08-Findings-Log\plans\2026-05-21_Plan Theme polish — view-transition animation + disable system tracking.md
2026-05-21T23:15:00+05:30  plan-created  C:\sme\08-Findings-Log\plans\2026-05-21_Plan M1 pipeline page responsiveness v2 — funnel, sticky sidebar, collapsed footer.md
2026-05-21T23:15:00+05:30  plan-created  C:\sme\08-Findings-Log\plans\2026-05-21_Plan Extraction running UX upgrade — PipelineRunStatusCard + WS scaffold + ML progress.md
2026-05-21T23:15:00+05:30  plan-created  C:\sme\08-Findings-Log\plans\2026-05-21_Plan Frontend perf overhaul — dashboard streaming, login handoff, bundle tuning.md
2026-05-21T23:15:00+05:30  plan-created  C:\sme\08-Findings-Log\plans\2026-05-21_Plan Vault recovery from Write-tool truncation (incident).md
2026-05-21T23:15:00+05:30  plan-created  C:\sme\08-Findings-Log\plans\2026-05-21_Plan Live count polling for summaryForResume + SpiderResultCard polish.md
2026-05-21T23:15:00+05:30  plan-created  C:\sme\08-Findings-Log\plans\2026-05-21_Plan Completeness check + re-fetch + spider EN-SI-TA fallback.md
2026-05-21T23:15:00+05:30  plan-created  C:\sme\08-Findings-Log\plans\2026-05-21_Plan Completeness verify endpoint hardening — timeout, CORS, WS URL, state reset.md
2026-05-22T00:00:00+05:30  plan-created  C:\sme\08-Findings-Log\plans\2026-05-22_Plan AnimatedList + FuzzyText UI component suite.md
2026-05-22T00:00:00+05:30  plan-appended  C:\sme\08-Findings-Log\plans\2026-05-21_Plan Theme polish — view-transition animation + disable system tracking.md
2026-05-22T13:22:00+05:30  plan-created  C:\sme\08-Findings-Log\plans\2026-05-22_Plan M1 pipeline admin UX audit — 14 findings report.md
2026-05-22T23:59:00+05:30  plan-created  C:\sme\08-Findings-Log\plans\2026-05-22_Plan M1 extraction page UX improvements — sticky sidebar resume restart history auto-scroll.md
2026-05-22T23:59:00+05:30  plan-created  C:\sme\08-Findings-Log\plans\2026-05-22_Plan M1 extraction run history — server-side persistence and pool fix.md
2026-05-22T23:59:30+05:30  plan-created  C:\sme\08-Findings-Log\plans\2026-05-22_Plan Railway production deployment — backend deploy chain and PAT leak.md
2026-05-22T23:59:30+05:30  plan-created  C:\sme\08-Findings-Log\plans\2026-05-22_Plan M1 cancel + rollback endpoint and frontend button.md
2026-05-22T23:59:30+05:30  plan-created  C:\sme\08-Findings-Log\plans\2026-05-22_Plan Per-PDF metadata schema and population.md
2026-05-22T23:59:30+05:30  plan-created  C:\sme\08-Findings-Log\plans\2026-05-22_Plan PDF Records browse-all admin page.md
2026-05-22T23:59:30+05:30  plan-created  C:\sme\08-Findings-Log\plans\2026-05-22_Plan Cross-repo code quality audit — Stage 4.md
2026-05-23T05:00:00+05:30  plan-created  C:\sme\08-Findings-Log\plans\2026-05-22_Plan M1 raw PDF bulk extraction and classification — 800 PDFs across 11 batches.md
